<?xml version="1.0" encoding="UTF-8"?>
<!-- Generated by org.testng.reporters.JUnitReportReporter -->
<testsuite skipped="1" hostname="REM-L-SINGHH" name="VW_TC.TC0012_Dashboard" tests="1" failures="0" timestamp="02 Aug 2019 09:14:42 GMT" time="0.000" errors="0">
  <testcase name="basePageLoginValidation" time="0.000" classname="VW_TC.TC0012_Dashboard">
    <skipped/>
  </testcase> <!-- basePageLoginValidation -->
</testsuite> <!-- VW_TC.TC0012_Dashboard -->
